This file contains any messages produced by compilers while
running configure, to aid debugging if configure makes a mistake.

It was created by ftgl configure 2.0.5, which was
generated by GNU Autoconf 2.57.  Invocation command line was

  $ ./configure 

## --------- ##
## Platform. ##
## --------- ##

hostname = weigopro.local
uname -m = x86_64
uname -r = 17.7.0
uname -s = Darwin
uname -v = Darwin Kernel Version 17.7.0: Thu Jun 21 22:53:14 PDT 2018; root:xnu-4570.71.2~1/RELEASE_X86_64

/usr/bin/uname -p = i386
/bin/uname -X     = unknown

/bin/arch              = unknown
/usr/bin/arch -k       = unknown
/usr/convex/getsysinfo = unknown
hostinfo               = Mach kernel version:
	 Darwin Kernel Version 17.7.0: Thu Jun 21 22:53:14 PDT 2018; root:xnu-4570.71.2~1/RELEASE_X86_64
Kernel configured for up to 8 processors.
4 processors are physically available.
8 processors are logically available.
Processor type: x86_64h (Intel x86-64h Haswell)
Processors active: 0 1 2 3 4 5 6 7
Primary memory available: 16.00 gigabytes
Default processor set: 410 tasks, 1786 threads, 8 processors
Load average: 2.24, Mach factor: 5.74
/bin/machine           = unknown
/usr/bin/oslevel       = unknown
/bin/universe          = unknown

PATH: /Library/Frameworks/Python.framework/Versions/2.7/bin
PATH: /Library/Frameworks/Python.framework/Versions/3.7/bin
PATH: /usr/bin
PATH: /bin
PATH: /usr/sbin
PATH: /sbin
PATH: /usr/local/bin
PATH: /Users/weigoxu/Library/Python/3.7/bin
PATH: /Library/TeX/texbin
PATH: /opt/X11/bin
PATH: /Applications/Wireshark.app/Contents/MacOS
PATH: /usr/local/git/bin
PATH: /usr/local/smlnj/bin


## ----------- ##
## Core tests. ##
## ----------- ##

configure:1502: checking build system type
configure:1520: result: i686-apple-darwin17.7.0
configure:1528: checking host system type
configure:1542: result: i686-apple-darwin17.7.0
configure:1621: checking for g++
configure:1637: found /usr/bin/g++
configure:1647: result: g++
configure:1663: checking for C++ compiler version
configure:1666: g++ --version </dev/null >&5
Configured with: --prefix=/Library/Developer/CommandLineTools/usr --with-gxx-include-dir=/usr/include/c++/4.2.1
Apple LLVM version 9.1.0 (clang-902.0.39.2)
Target: x86_64-apple-darwin17.7.0
Thread model: posix
InstalledDir: /Library/Developer/CommandLineTools/usr/bin
configure:1669: $? = 0
configure:1671: g++ -v </dev/null >&5
Configured with: --prefix=/Library/Developer/CommandLineTools/usr --with-gxx-include-dir=/usr/include/c++/4.2.1
Apple LLVM version 9.1.0 (clang-902.0.39.2)
Target: x86_64-apple-darwin17.7.0
Thread model: posix
InstalledDir: /Library/Developer/CommandLineTools/usr/bin
configure:1674: $? = 0
configure:1676: g++ -V </dev/null >&5
clang: error: argument to '-V' is missing (expected 1 value)
clang: error: no input files
configure:1679: $? = 1
configure:1703: checking for C++ compiler default output
configure:1706: g++ -g -O2 -fPIC   conftest.cc  >&5
configure:1709: $? = 0
configure:1755: result: a.out
configure:1760: checking whether the C++ compiler works
configure:1766: ./a.out
configure:1769: $? = 0
configure:1786: result: yes
configure:1793: checking whether we are cross compiling
configure:1795: result: no
configure:1798: checking for suffix of executables
configure:1800: g++ -o conftest -g -O2 -fPIC   conftest.cc  >&5
configure:1803: $? = 0
configure:1828: result: 
configure:1834: checking for suffix of object files
configure:1856: g++ -c -g -O2 -fPIC  conftest.cc >&5
configure:1859: $? = 0
configure:1881: result: o
configure:1885: checking whether we are using the GNU C++ compiler
configure:1910: g++ -c -g -O2 -fPIC  conftest.cc >&5
configure:1913: $? = 0
configure:1916: test -s conftest.o
configure:1919: $? = 0
configure:1932: result: yes
configure:1938: checking whether g++ accepts -g
configure:1960: g++ -c -g  conftest.cc >&5
configure:1963: $? = 0
configure:1966: test -s conftest.o
configure:1969: $? = 0
configure:1980: result: yes
configure:2024: g++ -c -g -O2 -fPIC  conftest.cc >&5
configure:2027: $? = 0
configure:2030: test -s conftest.o
configure:2033: $? = 0
configure:2060: g++ -c -g -O2 -fPIC  conftest.cc >&5
configure:2055:1: error: use of undeclared identifier 'exit'
exit (42);
^
1 error generated.
configure:2063: $? = 1
configure: failed program was:
| #line 2043 "configure"
| /* confdefs.h.  */
| 
| #define PACKAGE_NAME "ftgl"
| #define PACKAGE_TARNAME "ftgl"
| #define PACKAGE_VERSION "2.0.5"
| #define PACKAGE_STRING "ftgl 2.0.5"
| #define PACKAGE_BUGREPORT "henryj@paradise.net.nz"
| /* end confdefs.h.  */
| 
| int
| main ()
| {
| exit (42);
|   ;
|   return 0;
| }
configure:2024: g++ -c -g -O2 -fPIC  conftest.cc >&5
configure:2027: $? = 0
configure:2030: test -s conftest.o
configure:2033: $? = 0
configure:2060: g++ -c -g -O2 -fPIC  conftest.cc >&5
configure:2063: $? = 0
configure:2066: test -s conftest.o
configure:2069: $? = 0
configure:2206: checking for gcc
configure:2222: found /usr/bin/gcc
configure:2232: result: gcc
configure:2476: checking for C compiler version
configure:2479: gcc --version </dev/null >&5
Configured with: --prefix=/Library/Developer/CommandLineTools/usr --with-gxx-include-dir=/usr/include/c++/4.2.1
Apple LLVM version 9.1.0 (clang-902.0.39.2)
Target: x86_64-apple-darwin17.7.0
Thread model: posix
InstalledDir: /Library/Developer/CommandLineTools/usr/bin
configure:2482: $? = 0
configure:2484: gcc -v </dev/null >&5
Configured with: --prefix=/Library/Developer/CommandLineTools/usr --with-gxx-include-dir=/usr/include/c++/4.2.1
Apple LLVM version 9.1.0 (clang-902.0.39.2)
Target: x86_64-apple-darwin17.7.0
Thread model: posix
InstalledDir: /Library/Developer/CommandLineTools/usr/bin
configure:2487: $? = 0
configure:2489: gcc -V </dev/null >&5
clang: error: argument to '-V' is missing (expected 1 value)
clang: error: no input files
configure:2492: $? = 1
configure:2495: checking whether we are using the GNU C compiler
configure:2520: gcc -c   conftest.c >&5
configure:2523: $? = 0
configure:2526: test -s conftest.o
configure:2529: $? = 0
configure:2542: result: yes
configure:2548: checking whether gcc accepts -g
configure:2570: gcc -c -g  conftest.c >&5
configure:2573: $? = 0
configure:2576: test -s conftest.o
configure:2579: $? = 0
configure:2590: result: yes
configure:2607: checking for gcc option to accept ANSI C
configure:2668: gcc  -c -g -O2  conftest.c >&5
configure:2671: $? = 0
configure:2674: test -s conftest.o
configure:2677: $? = 0
configure:2695: result: none needed
configure:2713: gcc -c -g -O2  conftest.c >&5
conftest.c:2:3: error: unknown type name 'choke'
  choke me
  ^
conftest.c:2:11: error: expected ';' after top level declarator
  choke me
          ^
          ;
2 errors generated.
configure:2716: $? = 1
configure: failed program was:
| #ifndef __cplusplus
|   choke me
| #endif
configure:2847: checking for ld used by GCC
configure:2910: result: /Library/Developer/CommandLineTools/usr/bin/ld
configure:2919: checking if the linker (/Library/Developer/CommandLineTools/usr/bin/ld) is GNU ld
configure:2931: result: no
configure:2936: checking for /Library/Developer/CommandLineTools/usr/bin/ld option to reload object files
configure:2943: result: -r
configure:2948: checking for BSD-compatible nm
configure:2984: result: /usr/bin/nm -B
configure:2987: checking for a sed that does not truncate output
configure:3069: result: /usr/bin/sed
configure:3072: checking whether ln -s works
configure:3076: result: yes
configure:3083: checking how to recognise dependent libraries
configure:3264: result: file_magic Mach-O dynamically linked shared library
configure:3277: checking command to parse /usr/bin/nm -B output
configure:3361: gcc -c -g -O2  conftest.c >&5
configure:3364: $? = 0
configure:3368: /usr/bin/nm -B conftest.o \| sed -n -e 's/^.*[ 	]\([BCDEGRST][BCDEGRST]*\)[ 	][ 	]*\(\)\([_A-Za-z][_A-Za-z0-9]*\)$/\1 \2\3 \3/p' \> conftest.nm
configure:3371: $? = 0
cannot find nm_test_var in conftest.nm
configure:3361: gcc -c -g -O2  conftest.c >&5
configure:3364: $? = 0
configure:3368: /usr/bin/nm -B conftest.o \| sed -n -e 's/^.*[ 	]\([BCDEGRST][BCDEGRST]*\)[ 	][ 	]*\(_\)\([_A-Za-z][_A-Za-z0-9]*\)$/\1 \2\3 \3/p' \> conftest.nm
configure:3371: $? = 0
configure:3423: gcc -o conftest -g -O2   conftest.c conftstm.o >&5
conftest.c:6:1: warning: variable named 'main' with external linkage has undefined behavior [-Wmain]
extern char main;
^
1 warning generated.
configure:3426: $? = 0
configure:3470: result: ok
configure:3479: checking how to run the C preprocessor
configure:3515: gcc -E  conftest.c
configure:3521: $? = 0
configure:3553: gcc -E  conftest.c
configure:3555:10: fatal error: 'ac_nonexistent.h' file not found
#include <ac_nonexistent.h>
         ^~~~~~~~~~~~~~~~~~
1 error generated.
configure:3559: $? = 1
configure: failed program was:
| #line 3544 "configure"
| /* confdefs.h.  */
| 
| #define PACKAGE_NAME "ftgl"
| #define PACKAGE_TARNAME "ftgl"
| #define PACKAGE_VERSION "2.0.5"
| #define PACKAGE_STRING "ftgl 2.0.5"
| #define PACKAGE_BUGREPORT "henryj@paradise.net.nz"
| #ifdef __cplusplus
| #include <stdlib.h>
| #endif
| /* end confdefs.h.  */
| #include <ac_nonexistent.h>
configure:3597: result: gcc -E
configure:3622: gcc -E  conftest.c
configure:3628: $? = 0
configure:3660: gcc -E  conftest.c
configure:3662:10: fatal error: 'ac_nonexistent.h' file not found
#include <ac_nonexistent.h>
         ^~~~~~~~~~~~~~~~~~
1 error generated.
configure:3666: $? = 1
configure: failed program was:
| #line 3651 "configure"
| /* confdefs.h.  */
| 
| #define PACKAGE_NAME "ftgl"
| #define PACKAGE_TARNAME "ftgl"
| #define PACKAGE_VERSION "2.0.5"
| #define PACKAGE_STRING "ftgl 2.0.5"
| #define PACKAGE_BUGREPORT "henryj@paradise.net.nz"
| #ifdef __cplusplus
| #include <stdlib.h>
| #endif
| /* end confdefs.h.  */
| #include <ac_nonexistent.h>
configure:3709: checking for egrep
configure:3719: result: grep -E
configure:3724: checking for ANSI C header files
configure:3750: gcc -c -g -O2  conftest.c >&5
configure:3753: $? = 0
configure:3756: test -s conftest.o
configure:3759: $? = 0
configure:3851: gcc -o conftest -g -O2   conftest.c  >&5
configure:3847:7: warning: implicitly declaring library function 'exit' with type 'void (int) __attribute__((noreturn))' [-Wimplicit-function-declaration]
      exit(2);
      ^
configure:3847:7: note: include the header <stdlib.h> or explicitly provide a declaration for 'exit'
1 warning generated.
configure:3854: $? = 0
configure:3856: ./conftest
configure:3859: $? = 0
configure:3874: result: yes
configure:3898: checking for sys/types.h
configure:3915: gcc -c -g -O2  conftest.c >&5
configure:3918: $? = 0
configure:3921: test -s conftest.o
configure:3924: $? = 0
configure:3935: result: yes
configure:3898: checking for sys/stat.h
configure:3915: gcc -c -g -O2  conftest.c >&5
configure:3918: $? = 0
configure:3921: test -s conftest.o
configure:3924: $? = 0
configure:3935: result: yes
configure:3898: checking for stdlib.h
configure:3915: gcc -c -g -O2  conftest.c >&5
configure:3918: $? = 0
configure:3921: test -s conftest.o
configure:3924: $? = 0
configure:3935: result: yes
configure:3898: checking for string.h
configure:3915: gcc -c -g -O2  conftest.c >&5
configure:3918: $? = 0
configure:3921: test -s conftest.o
configure:3924: $? = 0
configure:3935: result: yes
configure:3898: checking for memory.h
configure:3915: gcc -c -g -O2  conftest.c >&5
configure:3918: $? = 0
configure:3921: test -s conftest.o
configure:3924: $? = 0
configure:3935: result: yes
configure:3898: checking for strings.h
configure:3915: gcc -c -g -O2  conftest.c >&5
configure:3918: $? = 0
configure:3921: test -s conftest.o
configure:3924: $? = 0
configure:3935: result: yes
configure:3898: checking for inttypes.h
configure:3915: gcc -c -g -O2  conftest.c >&5
configure:3918: $? = 0
configure:3921: test -s conftest.o
configure:3924: $? = 0
configure:3935: result: yes
configure:3898: checking for stdint.h
configure:3915: gcc -c -g -O2  conftest.c >&5
configure:3918: $? = 0
configure:3921: test -s conftest.o
configure:3924: $? = 0
configure:3935: result: yes
configure:3898: checking for unistd.h
configure:3915: gcc -c -g -O2  conftest.c >&5
configure:3918: $? = 0
configure:3921: test -s conftest.o
configure:3924: $? = 0
configure:3935: result: yes
configure:3961: checking dlfcn.h usability
configure:3974: gcc -c -g -O2  conftest.c >&5
configure:3977: $? = 0
configure:3980: test -s conftest.o
configure:3983: $? = 0
configure:3993: result: yes
configure:3997: checking dlfcn.h presence
configure:4008: gcc -E  conftest.c
configure:4014: $? = 0
configure:4033: result: yes
configure:4069: checking for dlfcn.h
configure:4076: result: yes
configure:4274: checking for ranlib
configure:4290: found /usr/bin/ranlib
configure:4301: result: ranlib
configure:4354: checking for strip
configure:4370: found /usr/bin/strip
configure:4381: result: strip
configure:4591: checking for objdir
configure:4602: result: .libs
configure:4619: checking for gcc option to produce PIC
configure:4765: result: -fno-common
configure:4769: checking if gcc PIC flag -fno-common works
configure:4793: gcc -c -g -O2 -fno-common -DPIC  conftest.c >&5
configure:4796: $? = 0
configure:4799: test -s conftest.o
configure:4802: $? = 0
configure:4840: result: yes
configure:4856: checking if gcc static flag -static works
configure:4881: gcc -o conftest -g -O2   -static conftest.c  >&5
ld: library not found for -lcrt0.o
clang: error: linker command failed with exit code 1 (use -v to see invocation)
configure:4884: $? = 1
configure: failed program was:
| #line 4864 "configure"
| /* confdefs.h.  */
| 
| #define PACKAGE_NAME "ftgl"
| #define PACKAGE_TARNAME "ftgl"
| #define PACKAGE_VERSION "2.0.5"
| #define PACKAGE_STRING "ftgl 2.0.5"
| #define PACKAGE_BUGREPORT "henryj@paradise.net.nz"
| #ifdef __cplusplus
| #include <stdlib.h>
| #endif
| #define STDC_HEADERS 1
| #define HAVE_SYS_TYPES_H 1
| #define HAVE_SYS_STAT_H 1
| #define HAVE_STDLIB_H 1
| #define HAVE_STRING_H 1
| #define HAVE_MEMORY_H 1
| #define HAVE_STRINGS_H 1
| #define HAVE_INTTYPES_H 1
| #define HAVE_STDINT_H 1
| #define HAVE_UNISTD_H 1
| #define HAVE_DLFCN_H 1
| /* end confdefs.h.  */
| 
| int
| main ()
| {
| 
|   ;
|   return 0;
| }
configure:4906: result: no
configure:4918: checking if gcc supports -c -o file.o
configure:4938: gcc -c -g -O2 -o out/conftest2.o  conftest.c >&5
configure:4962: result: yes
configure:4967: checking if gcc supports -c -o file.lo
configure:4995: gcc -c -g -O2 -c -o conftest.lo  conftest.c >&5
configure:4998: $? = 0
configure:5001: test -s conftest.lo
configure:5004: $? = 0
configure:5026: result: yes
configure:5057: checking if gcc supports -fno-rtti -fno-exceptions
configure:5080: gcc -c -g -O2 -fno-rtti -fno-exceptions -c conftest.c  conftest.c >&5
configure:5083: $? = 0
configure:5086: test -s conftest.o
configure:5089: $? = 0
configure:5106: result: yes
configure:5117: checking whether the linker (/Library/Developer/CommandLineTools/usr/bin/ld) supports shared libraries
configure:5812: result: yes
configure:5817: checking how to hardcode library paths into programs
configure:5841: result: unsupported
configure:5846: checking whether stripping libraries is possible
configure:5854: result: no
configure:5862: checking dynamic linker characteristics
configure:6282: result: darwin17.7.0 dyld
configure:6287: checking if libtool supports shared libraries
configure:6289: result: yes
configure:6292: checking whether to build shared libraries
configure:6313: result: no
configure:6316: checking whether to build static libraries
configure:6320: result: yes
configure:7613: checking for ANSI C header files
configure:7763: result: yes
configure:7774: checking for stdlib.h
configure:7779: result: yes
configure:7907: checking for X
configure:8013: gcc -E  conftest.c
configure:8027:10: fatal error: 'X11/Intrinsic.h' file not found
#include <X11/Intrinsic.h>
         ^~~~~~~~~~~~~~~~~
1 error generated.
configure:8019: $? = 1
configure: failed program was:
| #line 8004 "configure"
| /* confdefs.h.  */
| 
| #define PACKAGE_NAME "ftgl"
| #define PACKAGE_TARNAME "ftgl"
| #define PACKAGE_VERSION "2.0.5"
| #define PACKAGE_STRING "ftgl 2.0.5"
| #define PACKAGE_BUGREPORT "henryj@paradise.net.nz"
| #ifdef __cplusplus
| #include <stdlib.h>
| #endif
| #define STDC_HEADERS 1
| #define HAVE_SYS_TYPES_H 1
| #define HAVE_SYS_STAT_H 1
| #define HAVE_STDLIB_H 1
| #define HAVE_STRING_H 1
| #define HAVE_MEMORY_H 1
| #define HAVE_STRINGS_H 1
| #define HAVE_INTTYPES_H 1
| #define HAVE_STDINT_H 1
| #define HAVE_UNISTD_H 1
| #define HAVE_DLFCN_H 1
| #define STDC_HEADERS 1
| /* end confdefs.h.  */
| #include <X11/Intrinsic.h>
configure:8069: gcc -o conftest -g -O2   conftest.c -lXt  >&5
configure:8075:10: fatal error: 'X11/Intrinsic.h' file not found
#include <X11/Intrinsic.h>
         ^~~~~~~~~~~~~~~~~
1 error generated.
configure:8072: $? = 1
configure: failed program was:
| #line 8052 "configure"
| /* confdefs.h.  */
| 
| #define PACKAGE_NAME "ftgl"
| #define PACKAGE_TARNAME "ftgl"
| #define PACKAGE_VERSION "2.0.5"
| #define PACKAGE_STRING "ftgl 2.0.5"
| #define PACKAGE_BUGREPORT "henryj@paradise.net.nz"
| #ifdef __cplusplus
| #include <stdlib.h>
| #endif
| #define STDC_HEADERS 1
| #define HAVE_SYS_TYPES_H 1
| #define HAVE_SYS_STAT_H 1
| #define HAVE_STDLIB_H 1
| #define HAVE_STRING_H 1
| #define HAVE_MEMORY_H 1
| #define HAVE_STRINGS_H 1
| #define HAVE_INTTYPES_H 1
| #define HAVE_STDINT_H 1
| #define HAVE_UNISTD_H 1
| #define HAVE_DLFCN_H 1
| #define STDC_HEADERS 1
| /* end confdefs.h.  */
| #include <X11/Intrinsic.h>
| int
| main ()
| {
| XtMalloc (0)
|   ;
|   return 0;
| }
configure:8117: result: no
configure:8170: checking for freetype-config
configure:8188: found /opt/X11/bin/freetype-config
configure:8201: result: /opt/X11/bin/freetype-config
configure:8210: checking for FreeType - version >= 9.0.3
configure:8272: gcc -o conftest -g -O2 -I/opt/X11/include/freetype2 -I/opt/X11/include   conftest.c -L/opt/X11/lib -lfreetype -lz -lbz2  >&5
configure:8275: $? = 0
configure:8277: ./conftest
configure:8280: $? = 0
configure:8299: result: yes
configure:9354: checking GL/gl.h usability
configure:9367: gcc -c -g -O2  conftest.c >&5
configure:9414:10: fatal error: 'GL/gl.h' file not found
#include <GL/gl.h>
         ^~~~~~~~~
1 error generated.
configure:9370: $? = 1
configure: failed program was:
| #line 9356 "configure"
| /* confdefs.h.  */
| 
| #define PACKAGE_NAME "ftgl"
| #define PACKAGE_TARNAME "ftgl"
| #define PACKAGE_VERSION "2.0.5"
| #define PACKAGE_STRING "ftgl 2.0.5"
| #define PACKAGE_BUGREPORT "henryj@paradise.net.nz"
| #ifdef __cplusplus
| #include <stdlib.h>
| #endif
| #define STDC_HEADERS 1
| #define HAVE_SYS_TYPES_H 1
| #define HAVE_SYS_STAT_H 1
| #define HAVE_STDLIB_H 1
| #define HAVE_STRING_H 1
| #define HAVE_MEMORY_H 1
| #define HAVE_STRINGS_H 1
| #define HAVE_INTTYPES_H 1
| #define HAVE_STDINT_H 1
| #define HAVE_UNISTD_H 1
| #define HAVE_DLFCN_H 1
| #define STDC_HEADERS 1
| #define X_DISPLAY_MISSING 1
| /* end confdefs.h.  */
| #include <stdio.h>
| #if HAVE_SYS_TYPES_H
| # include <sys/types.h>
| #endif
| #if HAVE_SYS_STAT_H
| # include <sys/stat.h>
| #endif
| #if STDC_HEADERS
| # include <stdlib.h>
| # include <stddef.h>
| #else
| # if HAVE_STDLIB_H
| #  include <stdlib.h>
| # endif
| #endif
| #if HAVE_STRING_H
| # if !STDC_HEADERS && HAVE_MEMORY_H
| #  include <memory.h>
| # endif
| # include <string.h>
| #endif
| #if HAVE_STRINGS_H
| # include <strings.h>
| #endif
| #if HAVE_INTTYPES_H
| # include <inttypes.h>
| #else
| # if HAVE_STDINT_H
| #  include <stdint.h>
| # endif
| #endif
| #if HAVE_UNISTD_H
| # include <unistd.h>
| #endif
| #include <GL/gl.h>
configure:9386: result: no
configure:9390: checking GL/gl.h presence
configure:9401: gcc -E  conftest.c
configure:9416:10: fatal error: 'GL/gl.h' file not found
#include <GL/gl.h>
         ^~~~~~~~~
1 error generated.
configure:9407: $? = 1
configure: failed program was:
| #line 9392 "configure"
| /* confdefs.h.  */
| 
| #define PACKAGE_NAME "ftgl"
| #define PACKAGE_TARNAME "ftgl"
| #define PACKAGE_VERSION "2.0.5"
| #define PACKAGE_STRING "ftgl 2.0.5"
| #define PACKAGE_BUGREPORT "henryj@paradise.net.nz"
| #ifdef __cplusplus
| #include <stdlib.h>
| #endif
| #define STDC_HEADERS 1
| #define HAVE_SYS_TYPES_H 1
| #define HAVE_SYS_STAT_H 1
| #define HAVE_STDLIB_H 1
| #define HAVE_STRING_H 1
| #define HAVE_MEMORY_H 1
| #define HAVE_STRINGS_H 1
| #define HAVE_INTTYPES_H 1
| #define HAVE_STDINT_H 1
| #define HAVE_UNISTD_H 1
| #define HAVE_DLFCN_H 1
| #define STDC_HEADERS 1
| #define X_DISPLAY_MISSING 1
| /* end confdefs.h.  */
| #include <GL/gl.h>
configure:9426: result: no
configure:9462: checking for GL/gl.h
configure:9469: result: no
configure:9476: error: GL/gl.h is needed

## ---------------- ##
## Cache variables. ##
## ---------------- ##

ac_cv_build=i686-apple-darwin17.7.0
ac_cv_build_alias=i686-apple-darwin17.7.0
ac_cv_c_compiler_gnu=yes
ac_cv_cxx_compiler_gnu=yes
ac_cv_env_CC_set=
ac_cv_env_CC_value=
ac_cv_env_CFLAGS_set=
ac_cv_env_CFLAGS_value=
ac_cv_env_CPPFLAGS_set=
ac_cv_env_CPPFLAGS_value=
ac_cv_env_CPP_set=
ac_cv_env_CPP_value=
ac_cv_env_CXXFLAGS_set=set
ac_cv_env_CXXFLAGS_value='-g -O2 -fPIC'
ac_cv_env_CXX_set=
ac_cv_env_CXX_value=
ac_cv_env_LDFLAGS_set=
ac_cv_env_LDFLAGS_value=
ac_cv_env_build_alias_set=
ac_cv_env_build_alias_value=
ac_cv_env_host_alias_set=
ac_cv_env_host_alias_value=
ac_cv_env_target_alias_set=
ac_cv_env_target_alias_value=
ac_cv_exeext=
ac_cv_have_x=have_x=no
ac_cv_header_GL_gl_h=no
ac_cv_header_dlfcn_h=yes
ac_cv_header_inttypes_h=yes
ac_cv_header_memory_h=yes
ac_cv_header_stdc=yes
ac_cv_header_stdint_h=yes
ac_cv_header_stdlib_h=yes
ac_cv_header_string_h=yes
ac_cv_header_strings_h=yes
ac_cv_header_sys_stat_h=yes
ac_cv_header_sys_types_h=yes
ac_cv_header_unistd_h=yes
ac_cv_host=i686-apple-darwin17.7.0
ac_cv_host_alias=i686-apple-darwin17.7.0
ac_cv_objext=o
ac_cv_path_FT2_CONFIG=/opt/X11/bin/freetype-config
ac_cv_prog_CPP='gcc -E'
ac_cv_prog_ac_ct_CC=gcc
ac_cv_prog_ac_ct_CXX=g++
ac_cv_prog_ac_ct_RANLIB=ranlib
ac_cv_prog_ac_ct_STRIP=strip
ac_cv_prog_cc_g=yes
ac_cv_prog_cc_stdc=
ac_cv_prog_cxx_g=yes
ac_cv_prog_egrep='grep -E'
lt_cv_compiler_c_o=yes
lt_cv_compiler_o_lo=yes
lt_cv_deplibs_check_method='file_magic Mach-O dynamically linked shared library'
lt_cv_file_magic_cmd='/usr/bin/file -L'
lt_cv_file_magic_test_file=/usr/lib/libSystem.dylib
lt_cv_global_symbol_to_c_name_address='sed -n -e '\''s/^: \([^ ]*\) $/  {\"\1\", (lt_ptr) 0},/p'\'' -e '\''s/^[BCDEGRST] \([^ ]*\) \([^ ]*\)$/  {"\2", (lt_ptr) \&\2},/p'\'''
lt_cv_global_symbol_to_cdecl='sed -n -e '\''s/^. .* \(.*\)$/extern char \1;/p'\'''
lt_cv_ld_reload_flag=-r
lt_cv_path_LD=/Library/Developer/CommandLineTools/usr/bin/ld
lt_cv_path_NM='/usr/bin/nm -B'
lt_cv_path_SED=/usr/bin/sed
lt_cv_prog_cc_can_build_shared=yes
lt_cv_prog_cc_no_builtin=
lt_cv_prog_cc_pic=' -fno-common'
lt_cv_prog_cc_pic_works=yes
lt_cv_prog_cc_shlib=
lt_cv_prog_cc_static=
lt_cv_prog_cc_static_works=no
lt_cv_prog_cc_wl=-Wl,
lt_cv_prog_gnu_ld=no
lt_cv_sys_global_symbol_pipe='sed -n -e '\''s/^.*[ 	]\([BCDEGRST][BCDEGRST]*\)[ 	][ 	]*\(_\)\([_A-Za-z][_A-Za-z0-9]*\)$/\1 \2\3 \3/p'\'''

## ----------------- ##
## Output variables. ##
## ----------------- ##

CC='gcc'
CFLAGS='-g -O2'
CPP='gcc -E'
CPPFLAGS=''
CXX='g++'
CXXFLAGS='-g -O2 -fPIC'
DEFS=''
DOXYGEN=''
ECHO='/bin/echo'
ECHO_C='ECHO_N=''
ECHO_T=''
EGREP='grep -E'
EXEEXT=''
FT2_CFLAGS='-I/opt/X11/include/freetype2 -I/opt/X11/include'
FT2_CONFIG='/opt/X11/bin/freetype-config'
FT2_LIBS='-L/opt/X11/lib -lfreetype -lz -lbz2'
GLUT_CFLAGS=''
GLUT_LIBS=''
GL_CFLAGS=''
GL_LIBS=''
HAVE_GLUT=''
INSTALL_DATA=''
INSTALL_PROGRAM=''
INSTALL_SCRIPT=''
LDFLAGS=''
LIBOBJS=''
LIBS=''
LIBTOOL='$(SHELL) $(top_builddir)/libtool'
LN_S='ln -s'
LTLIBOBJS=''
OBJEXT='o'
PACKAGE_BUGREPORT='henryj@paradise.net.nz'
PACKAGE_NAME='ftgl'
PACKAGE_STRING='ftgl 2.0.5'
PACKAGE_TARNAME='ftgl'
PACKAGE_VERSION='2.0.5'
PATH_SEPARATOR=':'
RANLIB='ranlib'
SHELL='/bin/sh'
STRIP='strip'
X_CFLAGS=''
X_EXTRA_LIBS=''
X_LIBS=''
X_PRE_LIBS=''
ac_ct_CC='gcc'
ac_ct_CXX='g++'
ac_ct_RANLIB='ranlib'
ac_ct_STRIP='strip'
bindir='${exec_prefix}/bin'
build='i686-apple-darwin17.7.0'
build_alias=''
build_cpu='i686'
build_os='darwin17.7.0'
build_vendor='apple'
datadir='${prefix}/share'
exec_prefix='NONE'
host='i686-apple-darwin17.7.0'
host_alias=''
host_cpu='i686'
host_os='darwin17.7.0'
host_vendor='apple'
includedir='${prefix}/include'
infodir='${prefix}/info'
libdir='${exec_prefix}/lib'
libexecdir='${exec_prefix}/libexec'
localstatedir='${prefix}/var'
mandir='${prefix}/man'
oldincludedir='/usr/include'
prefix='NONE'
program_transform_name='s,x,x,'
sbindir='${exec_prefix}/sbin'
sharedstatedir='${prefix}/com'
sysconfdir='${prefix}/etc'
target_alias=''

## ----------- ##
## confdefs.h. ##
## ----------- ##

#define HAVE_DLFCN_H 1
#define HAVE_INTTYPES_H 1
#define HAVE_MEMORY_H 1
#define HAVE_STDINT_H 1
#define HAVE_STDLIB_H 1
#define HAVE_STRINGS_H 1
#define HAVE_STRING_H 1
#define HAVE_SYS_STAT_H 1
#define HAVE_SYS_TYPES_H 1
#define HAVE_UNISTD_H 1
#define PACKAGE_BUGREPORT "henryj@paradise.net.nz"
#define PACKAGE_NAME "ftgl"
#define PACKAGE_STRING "ftgl 2.0.5"
#define PACKAGE_TARNAME "ftgl"
#define PACKAGE_VERSION "2.0.5"
#define STDC_HEADERS 1
#define STDC_HEADERS 1
#define X_DISPLAY_MISSING 1
#endif
#ifdef __cplusplus
#include <stdlib.h>

configure: exit 255
